<?xml version="1.0" encoding="UTF-8"?>
<!-- Generated by org.testng.reporters.JUnitXMLReporter -->
<testsuite ignored="0" hostname="DESKTOP-FV41P2H" failures="0" tests="14" name="TutorialsNinja Tests" time="199.047" errors="0" timestamp="2024-04-24T17:51:37 IST">
  <testcase classname="com.tutorialsninja.testcases.RegisterTest" name="@BeforeMethod setup" time="13.052">
    <failure type="org.openqa.selenium.TimeoutException" message="timeout: Timed out receiving message from renderer: 2.032
  (Session info: chrome=124.0.6367.78)
Build info: version: &amp;apos;4.16.1&amp;apos;, revision: &amp;apos;9b4c83354e&amp;apos;
System info: os.name: &amp;apos;Windows 10&amp;apos;, os.arch: &amp;apos;amd64&amp;apos;, os.version: &amp;apos;10.0&amp;apos;, java.version: &amp;apos;21.0.1&amp;apos;
Driver info: org.openqa.selenium.chrome.ChromeDriver
Command: [f4cef6e23d831cbb2621cf62d24a5a8f, get {url=https://tutorialsninja.com/demo/}]
Capabilities {acceptInsecureCerts: false, browserName: chrome, browserVersion: 124.0.6367.78, chrome: {chromedriverVersion: 124.0.6367.78 (a087f2dd364d..., userDataDir: C:\Users\Lenovo\AppData\Loc...}, fedcm:accounts: true, goog:chromeOptions: {debuggerAddress: localhost:55351}, networkConnectionEnabled: false, pageLoadStrategy: normal, platformName: windows, proxy: Proxy(), se:cdp: ws://localhost:55351/devtoo..., se:cdpVersion: 124.0.6367.78, setWindowRect: true, strictFileInteractability: false, timeouts: {implicit: 0, pageLoad: 300000, script: 30000}, unhandledPromptBehavior: dismiss and notify, webauthn:extension:credBlob: true, webauthn:extension:largeBlob: true, webauthn:extension:minPinLength: true, webauthn:extension:prf: true, webauthn:virtualAuthenticators: true}
Session ID: f4cef6e23d831cbb2621cf62d24a5a8f">
      <![CDATA[org.openqa.selenium.TimeoutException: timeout: Timed out receiving message from renderer: 2.032
  (Session info: chrome=124.0.6367.78)
Build info: version: '4.16.1', revision: '9b4c83354e'
System info: os.name: 'Windows 10', os.arch: 'amd64', os.version: '10.0', java.version: '21.0.1'
Driver info: org.openqa.selenium.chrome.ChromeDriver
Command: [f4cef6e23d831cbb2621cf62d24a5a8f, get {url=https://tutorialsninja.com/demo/}]
Capabilities {acceptInsecureCerts: false, browserName: chrome, browserVersion: 124.0.6367.78, chrome: {chromedriverVersion: 124.0.6367.78 (a087f2dd364d..., userDataDir: C:\Users\Lenovo\AppData\Loc...}, fedcm:accounts: true, goog:chromeOptions: {debuggerAddress: localhost:55351}, networkConnectionEnabled: false, pageLoadStrategy: normal, platformName: windows, proxy: Proxy(), se:cdp: ws://localhost:55351/devtoo..., se:cdpVersion: 124.0.6367.78, setWindowRect: true, strictFileInteractability: false, timeouts: {implicit: 0, pageLoad: 300000, script: 30000}, unhandledPromptBehavior: dismiss and notify, webauthn:extension:credBlob: true, webauthn:extension:largeBlob: true, webauthn:extension:minPinLength: true, webauthn:extension:prf: true, webauthn:virtualAuthenticators: true}
Session ID: f4cef6e23d831cbb2621cf62d24a5a8f
at org.openqa.selenium.remote.codec.w3c.W3CHttpResponseCodec.createException(W3CHttpResponseCodec.java:200)
at org.openqa.selenium.remote.codec.w3c.W3CHttpResponseCodec.decode(W3CHttpResponseCodec.java:133)
at org.openqa.selenium.remote.codec.w3c.W3CHttpResponseCodec.decode(W3CHttpResponseCodec.java:52)
at org.openqa.selenium.remote.HttpCommandExecutor.execute(HttpCommandExecutor.java:191)
at org.openqa.selenium.remote.service.DriverCommandExecutor.invokeExecute(DriverCommandExecutor.java:200)
at org.openqa.selenium.remote.service.DriverCommandExecutor.execute(DriverCommandExecutor.java:175)
at org.openqa.selenium.remote.RemoteWebDriver.execute(RemoteWebDriver.java:523)
at org.openqa.selenium.remote.RemoteWebDriver.get(RemoteWebDriver.java:305)
at com.tutorials.ninja.base.Base.initializeBrowser(Base.java:69)
at com.tutorialsninja.testcases.RegisterTest.setup(RegisterTest.java:26)
at java.base/java.util.ArrayList.forEach(ArrayList.java:1596)
... Removed 32 stack frames]]>
    </failure>
  </testcase> <!-- @BeforeMethod setup -->
  <testcase classname="com.tutorialsninja.testcases.RegisterTest" name="@AfterMethod tearDown" time="0.0">
    <skipped/>
  </testcase> <!-- @AfterMethod tearDown -->
  <testcase classname="com.tutorialsninja.testcases.LoginTest" name="verifyWithValidCredentials" time="1.42"/>
  <testcase classname="com.tutorialsninja.testcases.LoginTest" name="verifyWithValidCredentials" time="1.298"/>
  <testcase classname="com.tutorialsninja.testcases.LoginTest" name="verifyWithValidCredentials" time="2.057"/>
  <testcase classname="com.tutorialsninja.testcases.LoginTest" name="verifyWithInvalidCredentials" time="0.993"/>
  <testcase classname="com.tutorialsninja.testcases.LoginTest" name="verifyLoginWithInvalidEmailandValidPassword" time="0.82"/>
  <testcase classname="com.tutorialsninja.testcases.LoginTest" name="verifyWithValidEmailAndInvalidPassword" time="0.696"/>
  <testcase classname="com.tutorialsninja.testcases.LoginTest" name="verifyLoginWithoutProvidingCredentials" time="1.007"/>
  <testcase classname="com.tutorialsninja.testcases.SearchTest" name="verifySearchWithValidProduct" time="3.366"/>
  <testcase classname="com.tutorialsninja.testcases.SearchTest" name="verifySearchWithInvalidProduct" time="2.928"/>
  <testcase classname="com.tutorialsninja.testcases.SearchTest" name="verifySearchWithoutAnyProduct" time="2.264"/>
  <testcase classname="com.tutorialsninja.testcases.RegisterTest" name="verifyRegisteringAnAccountWithMandatoryFields" time="1.695"/>
  <testcase classname="com.tutorialsninja.testcases.RegisterTest" name="verifyRegisteringAccountByProvidingAllFields" time="1.723"/>
  <testcase classname="com.tutorialsninja.testcases.RegisterTest" name="verifyRegisteredAccountWithExistingEmailAddressField" time="1.263"/>
  <testcase classname="com.tutorialsninja.testcases.RegisterTest" name="verifyRegisteredAccountWithoutFillingAnyDetails" time="0.001">
    <skipped/>
  </testcase> <!-- verifyRegisteredAccountWithoutFillingAnyDetails -->
</testsuite> <!-- TutorialsNinja Tests -->
